<?xml version="1.0" encoding="UTF-8"?>
<!-- Generated by org.testng.reporters.JUnitReportReporter -->
<testsuite hostname="si-pranavks2" failures="0" tests="1" name="practice.ExtentReportwithTestng2" time="15.306" errors="0" timestamp="2024-01-29T19:30:22 KST" skipped="0">
  <testcase classname="practice.ExtentReportwithTestng2" name="ExtentTest2" time="15.306"/>
</testsuite> <!-- practice.ExtentReportwithTestng2 -->
