<?xml version="1.0" encoding="UTF-8"?>
<!-- Generated by org.testng.reporters.JUnitReportReporter -->
<testsuite hostname="si-pranavks2" failures="0" tests="1" name="Testclass" time="0.008" errors="0" timestamp="2023-11-27T01:24:26 KST" skipped="0">
  <testcase classname="Testclass" name="login" time="0.008"/>
</testsuite> <!-- Testclass -->
